<?xml version="1.0" encoding="UTF-8"?>
<coverage generated="1762731780619" clover="3.2.0">
  <project timestamp="1762731780619" name="All files">
    <metrics statements="2" coveredstatements="2" conditionals="0" coveredconditionals="0" methods="4" coveredmethods="4" elements="6" coveredelements="6" complexity="0" loc="2" ncloc="2" packages="1" files="1" classes="1"/>
    <file name="index.ts" path="/Users/kevin/work/github/modsynth/state-management/src/index.ts">
      <metrics statements="2" coveredstatements="2" conditionals="0" coveredconditionals="0" methods="4" coveredmethods="4"/>
      <line num="1" count="6" type="stmt"/>
      <line num="2" count="3" type="stmt"/>
    </file>
  </project>
</coverage>
