{"/Users/kevin/work/github/modsynth/state-management/src/index.ts": {"path":"/Users/kevin/work/github/modsynth/state-management/src/index.ts","statementMap":{"0":{"start":{"line":1,"column":0},"end":{"line":1,"column":9}},"1":{"start":{"line":1,"column":9},"end":{"line":1,"column":50}},"2":{"start":{"line":2,"column":0},"end":{"line":2,"column":9}},"3":{"start":{"line":2,"column":9},"end":{"line":2,"column":19}},"4":{"start":{"line":2,"column":19},"end":{"line":2,"column":32}},"5":{"start":{"line":2,"column":32},"end":{"line":2,"column":65}}},"fnMap":{"0":{"name":"(anonymous_0)","decl":{"start":{"line":1,"column":9},"end":{"line":1,"column":23}},"loc":{"start":{"line":1,"column":9},"end":{"line":1,"column":50}}},"1":{"name":"(anonymous_1)","decl":{"start":{"line":2,"column":9},"end":{"line":2,"column":17}},"loc":{"start":{"line":2,"column":9},"end":{"line":2,"column":19}}},"2":{"name":"(anonymous_2)","decl":{"start":{"line":2,"column":19},"end":{"line":2,"column":30}},"loc":{"start":{"line":2,"column":19},"end":{"line":2,"column":32}}},"3":{"name":"(anonymous_3)","decl":{"start":{"line":2,"column":32},"end":{"line":2,"column":43}},"loc":{"start":{"line":2,"column":32},"end":{"line":2,"column":65}}}},"branchMap":{},"s":{"0":1,"1":6,"2":1,"3":3,"4":3,"5":3},"f":{"0":5,"1":2,"2":2,"3":2},"b":{}}
}
